Traceback (most recent call last):
  File "python_webr_fastcgi.py", line 3, in <module>
    from webr_api import app
  File "/home/ubuntu/project/search_engine/init/portal_server/webr_api/__init__.py", line 29, in <module>
    handler = RotatingFileHandler("web_server.log",maxBytes=5000000,backupCount=25)
  File "/usr/lib/python3.5/logging/handlers.py", line 150, in __init__
    BaseRotatingHandler.__init__(self, filename, mode, encoding, delay)
  File "/usr/lib/python3.5/logging/handlers.py", line 57, in __init__
    logging.FileHandler.__init__(self, filename, mode, encoding, delay)
  File "/usr/lib/python3.5/logging/__init__.py", line 1008, in __init__
    StreamHandler.__init__(self, self._open())
  File "/usr/lib/python3.5/logging/__init__.py", line 1037, in _open
    return open(self.baseFilename, self.mode, encoding=self.encoding)
PermissionError: [Errno 13] Permission denied: '/home/ubuntu/project/search_engine/init/portal_server/web_server.log'
Traceback (most recent call last):
  File "python_webr_fastcgi.py", line 3, in <module>
    from webr_api import app
  File "/home/ubuntu/project/search_engine/init/portal_server/webr_api/__init__.py", line 27, in <module>
    sysl = SysLogHandler(address='/dev/log')
NameError: name 'SysLogHandler' is not defined
